Terminals unused in grammar

   ERROR


Grammar

    0 $accept: program $end

    1 program: class_list

    2 class_list: class ';'
    3           | class_list class ';'
    4           | class_list error ';'
    5           | error ';'

    6 class: CLASS TYPEID '{' feature_list '}'
    7      | CLASS TYPEID INHERITS TYPEID '{' feature_list '}'

    8 feature_list: /* empty */
    9             | feature_list feature ';'
   10             | feature_list error ';'

   11 feature: OBJECTID '(' ')' ':' TYPEID '{' expression '}'
   12        | OBJECTID '(' formal_list ')' ':' TYPEID '{' expression '}'
   13        | OBJECTID ':' TYPEID
   14        | OBJECTID ':' TYPEID ASSIGN expression

   15 formal_list: formal
   16            | formal_list ',' formal

   17 formal: OBJECTID ':' TYPEID

   18 expr_comma_list: expression
   19                | expr_comma_list ',' expression

   20 expr_semi_list: expression ';'
   21               | expr_semi_list expression ';'
   22               | expr_semi_list error ';'

   23 case: OBJECTID ':' TYPEID DARROW expression

   24 case_list: case ';'
   25          | case_list case ';'

   26 let_args: ',' OBJECTID ':' TYPEID let_args
   27         | ',' OBJECTID ':' TYPEID ASSIGN expression let_args
   28         | IN expression
   29         | error let_args

   30 expression: OBJECTID ASSIGN expression
   31           | expression '.' OBJECTID '(' expr_comma_list ')'
   32           | expression '@' TYPEID '.' OBJECTID '(' expr_comma_list ')'
   33           | OBJECTID '(' expr_comma_list ')'
   34           | IF expression THEN expression ELSE expression FI
   35           | WHILE expression LOOP expression POOL
   36           | '{' expr_semi_list '}'
   37           | LET OBJECTID ':' TYPEID let_args
   38           | LET OBJECTID ':' TYPEID ASSIGN expression let_args
   39           | LET error let_args
   40           | CASE expression OF case_list ESAC
   41           | NEW TYPEID
   42           | ISVOID expression
   43           | expression '+' expression
   44           | expression '-' expression
   45           | expression '*' expression
   46           | expression '/' expression
   47           | '~' expression
   48           | expression '<' expression
   49           | expression LE expression
   50           | expression '=' expression
   51           | NOT expression
   52           | '(' expression ')'
   53           | OBJECTID
   54           | INT_CONST
   55           | STR_CONST
   56           | BOOL_CONST


Terminals, with rules where they appear

$end (0) 0
'(' (40) 11 12 31 32 33 52
')' (41) 11 12 31 32 33 52
'*' (42) 45
'+' (43) 43
',' (44) 16 19 26 27
'-' (45) 44
'.' (46) 31 32
'/' (47) 46
':' (58) 11 12 13 14 17 23 26 27 37 38
';' (59) 2 3 4 5 9 10 20 21 22 24 25
'<' (60) 48
'=' (61) 50
'@' (64) 32
'{' (123) 6 7 11 12 36
'}' (125) 6 7 11 12 36
'~' (126) 47
error (256) 4 5 10 22 29 39
CLASS (258) 6 7
ELSE (259) 34
FI (260) 34
IF (261) 34
IN (262) 28
INHERITS (263) 7
LET (264) 37 38 39
LOOP (265) 35
POOL (266) 35
THEN (267) 34
WHILE (268) 35
CASE (269) 40
ESAC (270) 40
OF (271) 40
DARROW (272) 23
NEW (273) 41
ISVOID (274) 42
STR_CONST (275) 55
INT_CONST (276) 54
BOOL_CONST (277) 56
TYPEID (278) 6 7 11 12 13 14 17 23 26 27 32 37 38 41
OBJECTID (279) 11 12 13 14 17 23 26 27 30 31 32 33 37 38 53
ASSIGN (280) 14 27 30 38
NOT (281) 51
LE (282) 49
ERROR (283)


Nonterminals, with rules where they appear

$accept (45)
    on left: 0
program (46)
    on left: 1, on right: 0
class_list (47)
    on left: 2 3 4 5, on right: 1 3 4
class (48)
    on left: 6 7, on right: 2 3
feature_list (49)
    on left: 8 9 10, on right: 6 7 9 10
feature (50)
    on left: 11 12 13 14, on right: 9
formal_list (51)
    on left: 15 16, on right: 12 16
formal (52)
    on left: 17, on right: 15 16
expr_comma_list (53)
    on left: 18 19, on right: 19 31 32 33
expr_semi_list (54)
    on left: 20 21 22, on right: 21 22 36
case (55)
    on left: 23, on right: 24 25
case_list (56)
    on left: 24 25, on right: 25 40
let_args (57)
    on left: 26 27 28 29, on right: 26 27 29 37 38 39
expression (58)
    on left: 30 31 32 33 34 35 36 37 38 39 40 41 42 43 44 45 46 47
    48 49 50 51 52 53 54 55 56, on right: 11 12 14 18 19 20 21 23 27
    28 30 31 32 34 35 38 40 42 43 44 45 46 47 48 49 50 51 52


state 0

    0 $accept: . program $end

    error  shift, and go to state 1
    CLASS  shift, and go to state 2

    program     go to state 3
    class_list  go to state 4
    class       go to state 5


state 1

    5 class_list: error . ';'

    ';'  shift, and go to state 6


state 2

    6 class: CLASS . TYPEID '{' feature_list '}'
    7      | CLASS . TYPEID INHERITS TYPEID '{' feature_list '}'

    TYPEID  shift, and go to state 7


state 3

    0 $accept: program . $end

    $end  shift, and go to state 8


state 4

    1 program: class_list .
    3 class_list: class_list . class ';'
    4           | class_list . error ';'

    error  shift, and go to state 9
    CLASS  shift, and go to state 2

    $end  reduce using rule 1 (program)

    class  go to state 10


state 5

    2 class_list: class . ';'

    ';'  shift, and go to state 11


state 6

    5 class_list: error ';' .

    $default  reduce using rule 5 (class_list)


state 7

    6 class: CLASS TYPEID . '{' feature_list '}'
    7      | CLASS TYPEID . INHERITS TYPEID '{' feature_list '}'

    INHERITS  shift, and go to state 12
    '{'       shift, and go to state 13


state 8

    0 $accept: program $end .

    $default  accept


state 9

    4 class_list: class_list error . ';'

    ';'  shift, and go to state 14


state 10

    3 class_list: class_list class . ';'

    ';'  shift, and go to state 15


state 11

    2 class_list: class ';' .

    $default  reduce using rule 2 (class_list)


state 12

    7 class: CLASS TYPEID INHERITS . TYPEID '{' feature_list '}'

    TYPEID  shift, and go to state 16


state 13

    6 class: CLASS TYPEID '{' . feature_list '}'

    $default  reduce using rule 8 (feature_list)

    feature_list  go to state 17


state 14

    4 class_list: class_list error ';' .

    $default  reduce using rule 4 (class_list)


state 15

    3 class_list: class_list class ';' .

    $default  reduce using rule 3 (class_list)


state 16

    7 class: CLASS TYPEID INHERITS TYPEID . '{' feature_list '}'

    '{'  shift, and go to state 18


state 17

    6 class: CLASS TYPEID '{' feature_list . '}'
    9 feature_list: feature_list . feature ';'
   10             | feature_list . error ';'

    error     shift, and go to state 19
    OBJECTID  shift, and go to state 20
    '}'       shift, and go to state 21

    feature  go to state 22


state 18

    7 class: CLASS TYPEID INHERITS TYPEID '{' . feature_list '}'

    $default  reduce using rule 8 (feature_list)

    feature_list  go to state 23


state 19

   10 feature_list: feature_list error . ';'

    ';'  shift, and go to state 24


state 20

   11 feature: OBJECTID . '(' ')' ':' TYPEID '{' expression '}'
   12        | OBJECTID . '(' formal_list ')' ':' TYPEID '{' expression '}'
   13        | OBJECTID . ':' TYPEID
   14        | OBJECTID . ':' TYPEID ASSIGN expression

    '('  shift, and go to state 25
    ':'  shift, and go to state 26


state 21

    6 class: CLASS TYPEID '{' feature_list '}' .

    $default  reduce using rule 6 (class)


state 22

    9 feature_list: feature_list feature . ';'

    ';'  shift, and go to state 27


state 23

    7 class: CLASS TYPEID INHERITS TYPEID '{' feature_list . '}'
    9 feature_list: feature_list . feature ';'
   10             | feature_list . error ';'

    error     shift, and go to state 19
    OBJECTID  shift, and go to state 20
    '}'       shift, and go to state 28

    feature  go to state 22


state 24

   10 feature_list: feature_list error ';' .

    $default  reduce using rule 10 (feature_list)


state 25

   11 feature: OBJECTID '(' . ')' ':' TYPEID '{' expression '}'
   12        | OBJECTID '(' . formal_list ')' ':' TYPEID '{' expression '}'

    OBJECTID  shift, and go to state 29
    ')'       shift, and go to state 30

    formal_list  go to state 31
    formal       go to state 32


state 26

   13 feature: OBJECTID ':' . TYPEID
   14        | OBJECTID ':' . TYPEID ASSIGN expression

    TYPEID  shift, and go to state 33


state 27

    9 feature_list: feature_list feature ';' .

    $default  reduce using rule 9 (feature_list)


state 28

    7 class: CLASS TYPEID INHERITS TYPEID '{' feature_list '}' .

    $default  reduce using rule 7 (class)


state 29

   17 formal: OBJECTID . ':' TYPEID

    ':'  shift, and go to state 34


state 30

   11 feature: OBJECTID '(' ')' . ':' TYPEID '{' expression '}'

    ':'  shift, and go to state 35


state 31

   12 feature: OBJECTID '(' formal_list . ')' ':' TYPEID '{' expression '}'
   16 formal_list: formal_list . ',' formal

    ')'  shift, and go to state 36
    ','  shift, and go to state 37


state 32

   15 formal_list: formal .

    $default  reduce using rule 15 (formal_list)


state 33

   13 feature: OBJECTID ':' TYPEID .
   14        | OBJECTID ':' TYPEID . ASSIGN expression

    ASSIGN  shift, and go to state 38

    $default  reduce using rule 13 (feature)


state 34

   17 formal: OBJECTID ':' . TYPEID

    TYPEID  shift, and go to state 39


state 35

   11 feature: OBJECTID '(' ')' ':' . TYPEID '{' expression '}'

    TYPEID  shift, and go to state 40


state 36

   12 feature: OBJECTID '(' formal_list ')' . ':' TYPEID '{' expression '}'

    ':'  shift, and go to state 41


state 37

   16 formal_list: formal_list ',' . formal

    OBJECTID  shift, and go to state 29

    formal  go to state 42


state 38

   14 feature: OBJECTID ':' TYPEID ASSIGN . expression

    IF          shift, and go to state 43
    LET         shift, and go to state 44
    WHILE       shift, and go to state 45
    CASE        shift, and go to state 46
    NEW         shift, and go to state 47
    ISVOID      shift, and go to state 48
    STR_CONST   shift, and go to state 49
    INT_CONST   shift, and go to state 50
    BOOL_CONST  shift, and go to state 51
    OBJECTID    shift, and go to state 52
    NOT         shift, and go to state 53
    '~'         shift, and go to state 54
    '{'         shift, and go to state 55
    '('         shift, and go to state 56

    expression  go to state 57


state 39

   17 formal: OBJECTID ':' TYPEID .

    $default  reduce using rule 17 (formal)


state 40

   11 feature: OBJECTID '(' ')' ':' TYPEID . '{' expression '}'

    '{'  shift, and go to state 58


state 41

   12 feature: OBJECTID '(' formal_list ')' ':' . TYPEID '{' expression '}'

    TYPEID  shift, and go to state 59


state 42

   16 formal_list: formal_list ',' formal .

    $default  reduce using rule 16 (formal_list)


state 43

   34 expression: IF . expression THEN expression ELSE expression FI

    IF          shift, and go to state 43
    LET         shift, and go to state 44
    WHILE       shift, and go to state 45
    CASE        shift, and go to state 46
    NEW         shift, and go to state 47
    ISVOID      shift, and go to state 48
    STR_CONST   shift, and go to state 49
    INT_CONST   shift, and go to state 50
    BOOL_CONST  shift, and go to state 51
    OBJECTID    shift, and go to state 52
    NOT         shift, and go to state 53
    '~'         shift, and go to state 54
    '{'         shift, and go to state 55
    '('         shift, and go to state 56

    expression  go to state 60


state 44

   37 expression: LET . OBJECTID ':' TYPEID let_args
   38           | LET . OBJECTID ':' TYPEID ASSIGN expression let_args
   39           | LET . error let_args

    error     shift, and go to state 61
    OBJECTID  shift, and go to state 62


state 45

   35 expression: WHILE . expression LOOP expression POOL

    IF          shift, and go to state 43
    LET         shift, and go to state 44
    WHILE       shift, and go to state 45
    CASE        shift, and go to state 46
    NEW         shift, and go to state 47
    ISVOID      shift, and go to state 48
    STR_CONST   shift, and go to state 49
    INT_CONST   shift, and go to state 50
    BOOL_CONST  shift, and go to state 51
    OBJECTID    shift, and go to state 52
    NOT         shift, and go to state 53
    '~'         shift, and go to state 54
    '{'         shift, and go to state 55
    '('         shift, and go to state 56

    expression  go to state 63


state 46

   40 expression: CASE . expression OF case_list ESAC

    IF          shift, and go to state 43
    LET         shift, and go to state 44
    WHILE       shift, and go to state 45
    CASE        shift, and go to state 46
    NEW         shift, and go to state 47
    ISVOID      shift, and go to state 48
    STR_CONST   shift, and go to state 49
    INT_CONST   shift, and go to state 50
    BOOL_CONST  shift, and go to state 51
    OBJECTID    shift, and go to state 52
    NOT         shift, and go to state 53
    '~'         shift, and go to state 54
    '{'         shift, and go to state 55
    '('         shift, and go to state 56

    expression  go to state 64


state 47

   41 expression: NEW . TYPEID

    TYPEID  shift, and go to state 65


state 48

   42 expression: ISVOID . expression

    IF          shift, and go to state 43
    LET         shift, and go to state 44
    WHILE       shift, and go to state 45
    CASE        shift, and go to state 46
    NEW         shift, and go to state 47
    ISVOID      shift, and go to state 48
    STR_CONST   shift, and go to state 49
    INT_CONST   shift, and go to state 50
    BOOL_CONST  shift, and go to state 51
    OBJECTID    shift, and go to state 52
    NOT         shift, and go to state 53
    '~'         shift, and go to state 54
    '{'         shift, and go to state 55
    '('         shift, and go to state 56

    expression  go to state 66


state 49

   55 expression: STR_CONST .

    $default  reduce using rule 55 (expression)


state 50

   54 expression: INT_CONST .

    $default  reduce using rule 54 (expression)


state 51

   56 expression: BOOL_CONST .

    $default  reduce using rule 56 (expression)


state 52

   30 expression: OBJECTID . ASSIGN expression
   33           | OBJECTID . '(' expr_comma_list ')'
   53           | OBJECTID .

    ASSIGN  shift, and go to state 67
    '('     shift, and go to state 68

    $default  reduce using rule 53 (expression)


state 53

   51 expression: NOT . expression

    IF          shift, and go to state 43
    LET         shift, and go to state 44
    WHILE       shift, and go to state 45
    CASE        shift, and go to state 46
    NEW         shift, and go to state 47
    ISVOID      shift, and go to state 48
    STR_CONST   shift, and go to state 49
    INT_CONST   shift, and go to state 50
    BOOL_CONST  shift, and go to state 51
    OBJECTID    shift, and go to state 52
    NOT         shift, and go to state 53
    '~'         shift, and go to state 54
    '{'         shift, and go to state 55
    '('         shift, and go to state 56

    expression  go to state 69


state 54

   47 expression: '~' . expression

    IF          shift, and go to state 43
    LET         shift, and go to state 44
    WHILE       shift, and go to state 45
    CASE        shift, and go to state 46
    NEW         shift, and go to state 47
    ISVOID      shift, and go to state 48
    STR_CONST   shift, and go to state 49
    INT_CONST   shift, and go to state 50
    BOOL_CONST  shift, and go to state 51
    OBJECTID    shift, and go to state 52
    NOT         shift, and go to state 53
    '~'         shift, and go to state 54
    '{'         shift, and go to state 55
    '('         shift, and go to state 56

    expression  go to state 70


state 55

   36 expression: '{' . expr_semi_list '}'

    IF          shift, and go to state 43
    LET         shift, and go to state 44
    WHILE       shift, and go to state 45
    CASE        shift, and go to state 46
    NEW         shift, and go to state 47
    ISVOID      shift, and go to state 48
    STR_CONST   shift, and go to state 49
    INT_CONST   shift, and go to state 50
    BOOL_CONST  shift, and go to state 51
    OBJECTID    shift, and go to state 52
    NOT         shift, and go to state 53
    '~'         shift, and go to state 54
    '{'         shift, and go to state 55
    '('         shift, and go to state 56

    expr_semi_list  go to state 71
    expression      go to state 72


state 56

   52 expression: '(' . expression ')'

    IF          shift, and go to state 43
    LET         shift, and go to state 44
    WHILE       shift, and go to state 45
    CASE        shift, and go to state 46
    NEW         shift, and go to state 47
    ISVOID      shift, and go to state 48
    STR_CONST   shift, and go to state 49
    INT_CONST   shift, and go to state 50
    BOOL_CONST  shift, and go to state 51
    OBJECTID    shift, and go to state 52
    NOT         shift, and go to state 53
    '~'         shift, and go to state 54
    '{'         shift, and go to state 55
    '('         shift, and go to state 56

    expression  go to state 73


state 57

   14 feature: OBJECTID ':' TYPEID ASSIGN expression .
   31 expression: expression . '.' OBJECTID '(' expr_comma_list ')'
   32           | expression . '@' TYPEID '.' OBJECTID '(' expr_comma_list ')'
   43           | expression . '+' expression
   44           | expression . '-' expression
   45           | expression . '*' expression
   46           | expression . '/' expression
   48           | expression . '<' expression
   49           | expression . LE expression
   50           | expression . '=' expression

    LE   shift, and go to state 74
    '<'  shift, and go to state 75
    '='  shift, and go to state 76
    '+'  shift, and go to state 77
    '-'  shift, and go to state 78
    '*'  shift, and go to state 79
    '/'  shift, and go to state 80
    '@'  shift, and go to state 81
    '.'  shift, and go to state 82

    $default  reduce using rule 14 (feature)


state 58

   11 feature: OBJECTID '(' ')' ':' TYPEID '{' . expression '}'

    IF          shift, and go to state 43
    LET         shift, and go to state 44
    WHILE       shift, and go to state 45
    CASE        shift, and go to state 46
    NEW         shift, and go to state 47
    ISVOID      shift, and go to state 48
    STR_CONST   shift, and go to state 49
    INT_CONST   shift, and go to state 50
    BOOL_CONST  shift, and go to state 51
    OBJECTID    shift, and go to state 52
    NOT         shift, and go to state 53
    '~'         shift, and go to state 54
    '{'         shift, and go to state 55
    '('         shift, and go to state 56

    expression  go to state 83


state 59

   12 feature: OBJECTID '(' formal_list ')' ':' TYPEID . '{' expression '}'

    '{'  shift, and go to state 84


state 60

   31 expression: expression . '.' OBJECTID '(' expr_comma_list ')'
   32           | expression . '@' TYPEID '.' OBJECTID '(' expr_comma_list ')'
   34           | IF expression . THEN expression ELSE expression FI
   43           | expression . '+' expression
   44           | expression . '-' expression
   45           | expression . '*' expression
   46           | expression . '/' expression
   48           | expression . '<' expression
   49           | expression . LE expression
   50           | expression . '=' expression

    THEN  shift, and go to state 85
    LE    shift, and go to state 74
    '<'   shift, and go to state 75
    '='   shift, and go to state 76
    '+'   shift, and go to state 77
    '-'   shift, and go to state 78
    '*'   shift, and go to state 79
    '/'   shift, and go to state 80
    '@'   shift, and go to state 81
    '.'   shift, and go to state 82


state 61

   39 expression: LET error . let_args

    error  shift, and go to state 86
    IN     shift, and go to state 87
    ','    shift, and go to state 88

    let_args  go to state 89


state 62

   37 expression: LET OBJECTID . ':' TYPEID let_args
   38           | LET OBJECTID . ':' TYPEID ASSIGN expression let_args

    ':'  shift, and go to state 90


state 63

   31 expression: expression . '.' OBJECTID '(' expr_comma_list ')'
   32           | expression . '@' TYPEID '.' OBJECTID '(' expr_comma_list ')'
   35           | WHILE expression . LOOP expression POOL
   43           | expression . '+' expression
   44           | expression . '-' expression
   45           | expression . '*' expression
   46           | expression . '/' expression
   48           | expression . '<' expression
   49           | expression . LE expression
   50           | expression . '=' expression

    LOOP  shift, and go to state 91
    LE    shift, and go to state 74
    '<'   shift, and go to state 75
    '='   shift, and go to state 76
    '+'   shift, and go to state 77
    '-'   shift, and go to state 78
    '*'   shift, and go to state 79
    '/'   shift, and go to state 80
    '@'   shift, and go to state 81
    '.'   shift, and go to state 82


state 64

   31 expression: expression . '.' OBJECTID '(' expr_comma_list ')'
   32           | expression . '@' TYPEID '.' OBJECTID '(' expr_comma_list ')'
   40           | CASE expression . OF case_list ESAC
   43           | expression . '+' expression
   44           | expression . '-' expression
   45           | expression . '*' expression
   46           | expression . '/' expression
   48           | expression . '<' expression
   49           | expression . LE expression
   50           | expression . '=' expression

    OF   shift, and go to state 92
    LE   shift, and go to state 74
    '<'  shift, and go to state 75
    '='  shift, and go to state 76
    '+'  shift, and go to state 77
    '-'  shift, and go to state 78
    '*'  shift, and go to state 79
    '/'  shift, and go to state 80
    '@'  shift, and go to state 81
    '.'  shift, and go to state 82


state 65

   41 expression: NEW TYPEID .

    $default  reduce using rule 41 (expression)


state 66

   31 expression: expression . '.' OBJECTID '(' expr_comma_list ')'
   32           | expression . '@' TYPEID '.' OBJECTID '(' expr_comma_list ')'
   42           | ISVOID expression .
   43           | expression . '+' expression
   44           | expression . '-' expression
   45           | expression . '*' expression
   46           | expression . '/' expression
   48           | expression . '<' expression
   49           | expression . LE expression
   50           | expression . '=' expression

    '@'  shift, and go to state 81
    '.'  shift, and go to state 82

    $default  reduce using rule 42 (expression)


state 67

   30 expression: OBJECTID ASSIGN . expression

    IF          shift, and go to state 43
    LET         shift, and go to state 44
    WHILE       shift, and go to state 45
    CASE        shift, and go to state 46
    NEW         shift, and go to state 47
    ISVOID      shift, and go to state 48
    STR_CONST   shift, and go to state 49
    INT_CONST   shift, and go to state 50
    BOOL_CONST  shift, and go to state 51
    OBJECTID    shift, and go to state 52
    NOT         shift, and go to state 53
    '~'         shift, and go to state 54
    '{'         shift, and go to state 55
    '('         shift, and go to state 56

    expression  go to state 93


state 68

   33 expression: OBJECTID '(' . expr_comma_list ')'

    IF          shift, and go to state 43
    LET         shift, and go to state 44
    WHILE       shift, and go to state 45
    CASE        shift, and go to state 46
    NEW         shift, and go to state 47
    ISVOID      shift, and go to state 48
    STR_CONST   shift, and go to state 49
    INT_CONST   shift, and go to state 50
    BOOL_CONST  shift, and go to state 51
    OBJECTID    shift, and go to state 52
    NOT         shift, and go to state 53
    '~'         shift, and go to state 54
    '{'         shift, and go to state 55
    '('         shift, and go to state 56

    expr_comma_list  go to state 94
    expression       go to state 95


state 69

   31 expression: expression . '.' OBJECTID '(' expr_comma_list ')'
   32           | expression . '@' TYPEID '.' OBJECTID '(' expr_comma_list ')'
   43           | expression . '+' expression
   44           | expression . '-' expression
   45           | expression . '*' expression
   46           | expression . '/' expression
   48           | expression . '<' expression
   49           | expression . LE expression
   50           | expression . '=' expression
   51           | NOT expression .

    LE   shift, and go to state 74
    '<'  shift, and go to state 75
    '='  shift, and go to state 76
    '+'  shift, and go to state 77
    '-'  shift, and go to state 78
    '*'  shift, and go to state 79
    '/'  shift, and go to state 80
    '@'  shift, and go to state 81
    '.'  shift, and go to state 82

    $default  reduce using rule 51 (expression)


state 70

   31 expression: expression . '.' OBJECTID '(' expr_comma_list ')'
   32           | expression . '@' TYPEID '.' OBJECTID '(' expr_comma_list ')'
   43           | expression . '+' expression
   44           | expression . '-' expression
   45           | expression . '*' expression
   46           | expression . '/' expression
   47           | '~' expression .
   48           | expression . '<' expression
   49           | expression . LE expression
   50           | expression . '=' expression

    '@'  shift, and go to state 81
    '.'  shift, and go to state 82

    $default  reduce using rule 47 (expression)


state 71

   21 expr_semi_list: expr_semi_list . expression ';'
   22               | expr_semi_list . error ';'
   36 expression: '{' expr_semi_list . '}'

    error       shift, and go to state 96
    IF          shift, and go to state 43
    LET         shift, and go to state 44
    WHILE       shift, and go to state 45
    CASE        shift, and go to state 46
    NEW         shift, and go to state 47
    ISVOID      shift, and go to state 48
    STR_CONST   shift, and go to state 49
    INT_CONST   shift, and go to state 50
    BOOL_CONST  shift, and go to state 51
    OBJECTID    shift, and go to state 52
    NOT         shift, and go to state 53
    '~'         shift, and go to state 54
    '{'         shift, and go to state 55
    '}'         shift, and go to state 97
    '('         shift, and go to state 56

    expression  go to state 98


state 72

   20 expr_semi_list: expression . ';'
   31 expression: expression . '.' OBJECTID '(' expr_comma_list ')'
   32           | expression . '@' TYPEID '.' OBJECTID '(' expr_comma_list ')'
   43           | expression . '+' expression
   44           | expression . '-' expression
   45           | expression . '*' expression
   46           | expression . '/' expression
   48           | expression . '<' expression
   49           | expression . LE expression
   50           | expression . '=' expression

    LE   shift, and go to state 74
    '<'  shift, and go to state 75
    '='  shift, and go to state 76
    '+'  shift, and go to state 77
    '-'  shift, and go to state 78
    '*'  shift, and go to state 79
    '/'  shift, and go to state 80
    '@'  shift, and go to state 81
    '.'  shift, and go to state 82
    ';'  shift, and go to state 99


state 73

   31 expression: expression . '.' OBJECTID '(' expr_comma_list ')'
   32           | expression . '@' TYPEID '.' OBJECTID '(' expr_comma_list ')'
   43           | expression . '+' expression
   44           | expression . '-' expression
   45           | expression . '*' expression
   46           | expression . '/' expression
   48           | expression . '<' expression
   49           | expression . LE expression
   50           | expression . '=' expression
   52           | '(' expression . ')'

    LE   shift, and go to state 74
    '<'  shift, and go to state 75
    '='  shift, and go to state 76
    '+'  shift, and go to state 77
    '-'  shift, and go to state 78
    '*'  shift, and go to state 79
    '/'  shift, and go to state 80
    '@'  shift, and go to state 81
    '.'  shift, and go to state 82
    ')'  shift, and go to state 100


state 74

   49 expression: expression LE . expression

    IF          shift, and go to state 43
    LET         shift, and go to state 44
    WHILE       shift, and go to state 45
    CASE        shift, and go to state 46
    NEW         shift, and go to state 47
    ISVOID      shift, and go to state 48
    STR_CONST   shift, and go to state 49
    INT_CONST   shift, and go to state 50
    BOOL_CONST  shift, and go to state 51
    OBJECTID    shift, and go to state 52
    NOT         shift, and go to state 53
    '~'         shift, and go to state 54
    '{'         shift, and go to state 55
    '('         shift, and go to state 56

    expression  go to state 101


state 75

   48 expression: expression '<' . expression

    IF          shift, and go to state 43
    LET         shift, and go to state 44
    WHILE       shift, and go to state 45
    CASE        shift, and go to state 46
    NEW         shift, and go to state 47
    ISVOID      shift, and go to state 48
    STR_CONST   shift, and go to state 49
    INT_CONST   shift, and go to state 50
    BOOL_CONST  shift, and go to state 51
    OBJECTID    shift, and go to state 52
    NOT         shift, and go to state 53
    '~'         shift, and go to state 54
    '{'         shift, and go to state 55
    '('         shift, and go to state 56

    expression  go to state 102


state 76

   50 expression: expression '=' . expression

    IF          shift, and go to state 43
    LET         shift, and go to state 44
    WHILE       shift, and go to state 45
    CASE        shift, and go to state 46
    NEW         shift, and go to state 47
    ISVOID      shift, and go to state 48
    STR_CONST   shift, and go to state 49
    INT_CONST   shift, and go to state 50
    BOOL_CONST  shift, and go to state 51
    OBJECTID    shift, and go to state 52
    NOT         shift, and go to state 53
    '~'         shift, and go to state 54
    '{'         shift, and go to state 55
    '('         shift, and go to state 56

    expression  go to state 103


state 77

   43 expression: expression '+' . expression

    IF          shift, and go to state 43
    LET         shift, and go to state 44
    WHILE       shift, and go to state 45
    CASE        shift, and go to state 46
    NEW         shift, and go to state 47
    ISVOID      shift, and go to state 48
    STR_CONST   shift, and go to state 49
    INT_CONST   shift, and go to state 50
    BOOL_CONST  shift, and go to state 51
    OBJECTID    shift, and go to state 52
    NOT         shift, and go to state 53
    '~'         shift, and go to state 54
    '{'         shift, and go to state 55
    '('         shift, and go to state 56

    expression  go to state 104


state 78

   44 expression: expression '-' . expression

    IF          shift, and go to state 43
    LET         shift, and go to state 44
    WHILE       shift, and go to state 45
    CASE        shift, and go to state 46
    NEW         shift, and go to state 47
    ISVOID      shift, and go to state 48
    STR_CONST   shift, and go to state 49
    INT_CONST   shift, and go to state 50
    BOOL_CONST  shift, and go to state 51
    OBJECTID    shift, and go to state 52
    NOT         shift, and go to state 53
    '~'         shift, and go to state 54
    '{'         shift, and go to state 55
    '('         shift, and go to state 56

    expression  go to state 105


state 79

   45 expression: expression '*' . expression

    IF          shift, and go to state 43
    LET         shift, and go to state 44
    WHILE       shift, and go to state 45
    CASE        shift, and go to state 46
    NEW         shift, and go to state 47
    ISVOID      shift, and go to state 48
    STR_CONST   shift, and go to state 49
    INT_CONST   shift, and go to state 50
    BOOL_CONST  shift, and go to state 51
    OBJECTID    shift, and go to state 52
    NOT         shift, and go to state 53
    '~'         shift, and go to state 54
    '{'         shift, and go to state 55
    '('         shift, and go to state 56

    expression  go to state 106


state 80

   46 expression: expression '/' . expression

    IF          shift, and go to state 43
    LET         shift, and go to state 44
    WHILE       shift, and go to state 45
    CASE        shift, and go to state 46
    NEW         shift, and go to state 47
    ISVOID      shift, and go to state 48
    STR_CONST   shift, and go to state 49
    INT_CONST   shift, and go to state 50
    BOOL_CONST  shift, and go to state 51
    OBJECTID    shift, and go to state 52
    NOT         shift, and go to state 53
    '~'         shift, and go to state 54
    '{'         shift, and go to state 55
    '('         shift, and go to state 56

    expression  go to state 107


state 81

   32 expression: expression '@' . TYPEID '.' OBJECTID '(' expr_comma_list ')'

    TYPEID  shift, and go to state 108


state 82

   31 expression: expression '.' . OBJECTID '(' expr_comma_list ')'

    OBJECTID  shift, and go to state 109


state 83

   11 feature: OBJECTID '(' ')' ':' TYPEID '{' expression . '}'
   31 expression: expression . '.' OBJECTID '(' expr_comma_list ')'
   32           | expression . '@' TYPEID '.' OBJECTID '(' expr_comma_list ')'
   43           | expression . '+' expression
   44           | expression . '-' expression
   45           | expression . '*' expression
   46           | expression . '/' expression
   48           | expression . '<' expression
   49           | expression . LE expression
   50           | expression . '=' expression

    LE   shift, and go to state 74
    '<'  shift, and go to state 75
    '='  shift, and go to state 76
    '+'  shift, and go to state 77
    '-'  shift, and go to state 78
    '*'  shift, and go to state 79
    '/'  shift, and go to state 80
    '@'  shift, and go to state 81
    '.'  shift, and go to state 82
    '}'  shift, and go to state 110


state 84

   12 feature: OBJECTID '(' formal_list ')' ':' TYPEID '{' . expression '}'

    IF          shift, and go to state 43
    LET         shift, and go to state 44
    WHILE       shift, and go to state 45
    CASE        shift, and go to state 46
    NEW         shift, and go to state 47
    ISVOID      shift, and go to state 48
    STR_CONST   shift, and go to state 49
    INT_CONST   shift, and go to state 50
    BOOL_CONST  shift, and go to state 51
    OBJECTID    shift, and go to state 52
    NOT         shift, and go to state 53
    '~'         shift, and go to state 54
    '{'         shift, and go to state 55
    '('         shift, and go to state 56

    expression  go to state 111


state 85

   34 expression: IF expression THEN . expression ELSE expression FI

    IF          shift, and go to state 43
    LET         shift, and go to state 44
    WHILE       shift, and go to state 45
    CASE        shift, and go to state 46
    NEW         shift, and go to state 47
    ISVOID      shift, and go to state 48
    STR_CONST   shift, and go to state 49
    INT_CONST   shift, and go to state 50
    BOOL_CONST  shift, and go to state 51
    OBJECTID    shift, and go to state 52
    NOT         shift, and go to state 53
    '~'         shift, and go to state 54
    '{'         shift, and go to state 55
    '('         shift, and go to state 56

    expression  go to state 112


state 86

   29 let_args: error . let_args

    error  shift, and go to state 86
    IN     shift, and go to state 87
    ','    shift, and go to state 88

    let_args  go to state 113


state 87

   28 let_args: IN . expression

    IF          shift, and go to state 43
    LET         shift, and go to state 44
    WHILE       shift, and go to state 45
    CASE        shift, and go to state 46
    NEW         shift, and go to state 47
    ISVOID      shift, and go to state 48
    STR_CONST   shift, and go to state 49
    INT_CONST   shift, and go to state 50
    BOOL_CONST  shift, and go to state 51
    OBJECTID    shift, and go to state 52
    NOT         shift, and go to state 53
    '~'         shift, and go to state 54
    '{'         shift, and go to state 55
    '('         shift, and go to state 56

    expression  go to state 114


state 88

   26 let_args: ',' . OBJECTID ':' TYPEID let_args
   27         | ',' . OBJECTID ':' TYPEID ASSIGN expression let_args

    OBJECTID  shift, and go to state 115


state 89

   39 expression: LET error let_args .

    $default  reduce using rule 39 (expression)


state 90

   37 expression: LET OBJECTID ':' . TYPEID let_args
   38           | LET OBJECTID ':' . TYPEID ASSIGN expression let_args

    TYPEID  shift, and go to state 116


state 91

   35 expression: WHILE expression LOOP . expression POOL

    IF          shift, and go to state 43
    LET         shift, and go to state 44
    WHILE       shift, and go to state 45
    CASE        shift, and go to state 46
    NEW         shift, and go to state 47
    ISVOID      shift, and go to state 48
    STR_CONST   shift, and go to state 49
    INT_CONST   shift, and go to state 50
    BOOL_CONST  shift, and go to state 51
    OBJECTID    shift, and go to state 52
    NOT         shift, and go to state 53
    '~'         shift, and go to state 54
    '{'         shift, and go to state 55
    '('         shift, and go to state 56

    expression  go to state 117


state 92

   40 expression: CASE expression OF . case_list ESAC

    OBJECTID  shift, and go to state 118

    case       go to state 119
    case_list  go to state 120


state 93

   30 expression: OBJECTID ASSIGN expression .
   31           | expression . '.' OBJECTID '(' expr_comma_list ')'
   32           | expression . '@' TYPEID '.' OBJECTID '(' expr_comma_list ')'
   43           | expression . '+' expression
   44           | expression . '-' expression
   45           | expression . '*' expression
   46           | expression . '/' expression
   48           | expression . '<' expression
   49           | expression . LE expression
   50           | expression . '=' expression

    LE   shift, and go to state 74
    '<'  shift, and go to state 75
    '='  shift, and go to state 76
    '+'  shift, and go to state 77
    '-'  shift, and go to state 78
    '*'  shift, and go to state 79
    '/'  shift, and go to state 80
    '@'  shift, and go to state 81
    '.'  shift, and go to state 82

    $default  reduce using rule 30 (expression)


state 94

   19 expr_comma_list: expr_comma_list . ',' expression
   33 expression: OBJECTID '(' expr_comma_list . ')'

    ')'  shift, and go to state 121
    ','  shift, and go to state 122


state 95

   18 expr_comma_list: expression .
   31 expression: expression . '.' OBJECTID '(' expr_comma_list ')'
   32           | expression . '@' TYPEID '.' OBJECTID '(' expr_comma_list ')'
   43           | expression . '+' expression
   44           | expression . '-' expression
   45           | expression . '*' expression
   46           | expression . '/' expression
   48           | expression . '<' expression
   49           | expression . LE expression
   50           | expression . '=' expression

    LE   shift, and go to state 74
    '<'  shift, and go to state 75
    '='  shift, and go to state 76
    '+'  shift, and go to state 77
    '-'  shift, and go to state 78
    '*'  shift, and go to state 79
    '/'  shift, and go to state 80
    '@'  shift, and go to state 81
    '.'  shift, and go to state 82

    $default  reduce using rule 18 (expr_comma_list)


state 96

   22 expr_semi_list: expr_semi_list error . ';'

    ';'  shift, and go to state 123


state 97

   36 expression: '{' expr_semi_list '}' .

    $default  reduce using rule 36 (expression)


state 98

   21 expr_semi_list: expr_semi_list expression . ';'
   31 expression: expression . '.' OBJECTID '(' expr_comma_list ')'
   32           | expression . '@' TYPEID '.' OBJECTID '(' expr_comma_list ')'
   43           | expression . '+' expression
   44           | expression . '-' expression
   45           | expression . '*' expression
   46           | expression . '/' expression
   48           | expression . '<' expression
   49           | expression . LE expression
   50           | expression . '=' expression

    LE   shift, and go to state 74
    '<'  shift, and go to state 75
    '='  shift, and go to state 76
    '+'  shift, and go to state 77
    '-'  shift, and go to state 78
    '*'  shift, and go to state 79
    '/'  shift, and go to state 80
    '@'  shift, and go to state 81
    '.'  shift, and go to state 82
    ';'  shift, and go to state 124


state 99

   20 expr_semi_list: expression ';' .

    $default  reduce using rule 20 (expr_semi_list)


state 100

   52 expression: '(' expression ')' .

    $default  reduce using rule 52 (expression)


state 101

   31 expression: expression . '.' OBJECTID '(' expr_comma_list ')'
   32           | expression . '@' TYPEID '.' OBJECTID '(' expr_comma_list ')'
   43           | expression . '+' expression
   44           | expression . '-' expression
   45           | expression . '*' expression
   46           | expression . '/' expression
   48           | expression . '<' expression
   49           | expression . LE expression
   49           | expression LE expression .
   50           | expression . '=' expression

    '+'  shift, and go to state 77
    '-'  shift, and go to state 78
    '*'  shift, and go to state 79
    '/'  shift, and go to state 80
    '@'  shift, and go to state 81
    '.'  shift, and go to state 82

    LE   error (nonassociative)
    '<'  error (nonassociative)
    '='  error (nonassociative)

    $default  reduce using rule 49 (expression)


state 102

   31 expression: expression . '.' OBJECTID '(' expr_comma_list ')'
   32           | expression . '@' TYPEID '.' OBJECTID '(' expr_comma_list ')'
   43           | expression . '+' expression
   44           | expression . '-' expression
   45           | expression . '*' expression
   46           | expression . '/' expression
   48           | expression . '<' expression
   48           | expression '<' expression .
   49           | expression . LE expression
   50           | expression . '=' expression

    '+'  shift, and go to state 77
    '-'  shift, and go to state 78
    '*'  shift, and go to state 79
    '/'  shift, and go to state 80
    '@'  shift, and go to state 81
    '.'  shift, and go to state 82

    LE   error (nonassociative)
    '<'  error (nonassociative)
    '='  error (nonassociative)

    $default  reduce using rule 48 (expression)


state 103

   31 expression: expression . '.' OBJECTID '(' expr_comma_list ')'
   32           | expression . '@' TYPEID '.' OBJECTID '(' expr_comma_list ')'
   43           | expression . '+' expression
   44           | expression . '-' expression
   45           | expression . '*' expression
   46           | expression . '/' expression
   48           | expression . '<' expression
   49           | expression . LE expression
   50           | expression . '=' expression
   50           | expression '=' expression .

    '+'  shift, and go to state 77
    '-'  shift, and go to state 78
    '*'  shift, and go to state 79
    '/'  shift, and go to state 80
    '@'  shift, and go to state 81
    '.'  shift, and go to state 82

    LE   error (nonassociative)
    '<'  error (nonassociative)
    '='  error (nonassociative)

    $default  reduce using rule 50 (expression)


state 104

   31 expression: expression . '.' OBJECTID '(' expr_comma_list ')'
   32           | expression . '@' TYPEID '.' OBJECTID '(' expr_comma_list ')'
   43           | expression . '+' expression
   43           | expression '+' expression .
   44           | expression . '-' expression
   45           | expression . '*' expression
   46           | expression . '/' expression
   48           | expression . '<' expression
   49           | expression . LE expression
   50           | expression . '=' expression

    '*'  shift, and go to state 79
    '/'  shift, and go to state 80
    '@'  shift, and go to state 81
    '.'  shift, and go to state 82

    $default  reduce using rule 43 (expression)


state 105

   31 expression: expression . '.' OBJECTID '(' expr_comma_list ')'
   32           | expression . '@' TYPEID '.' OBJECTID '(' expr_comma_list ')'
   43           | expression . '+' expression
   44           | expression . '-' expression
   44           | expression '-' expression .
   45           | expression . '*' expression
   46           | expression . '/' expression
   48           | expression . '<' expression
   49           | expression . LE expression
   50           | expression . '=' expression

    '*'  shift, and go to state 79
    '/'  shift, and go to state 80
    '@'  shift, and go to state 81
    '.'  shift, and go to state 82

    $default  reduce using rule 44 (expression)


state 106

   31 expression: expression . '.' OBJECTID '(' expr_comma_list ')'
   32           | expression . '@' TYPEID '.' OBJECTID '(' expr_comma_list ')'
   43           | expression . '+' expression
   44           | expression . '-' expression
   45           | expression . '*' expression
   45           | expression '*' expression .
   46           | expression . '/' expression
   48           | expression . '<' expression
   49           | expression . LE expression
   50           | expression . '=' expression

    '@'  shift, and go to state 81
    '.'  shift, and go to state 82

    $default  reduce using rule 45 (expression)


state 107

   31 expression: expression . '.' OBJECTID '(' expr_comma_list ')'
   32           | expression . '@' TYPEID '.' OBJECTID '(' expr_comma_list ')'
   43           | expression . '+' expression
   44           | expression . '-' expression
   45           | expression . '*' expression
   46           | expression . '/' expression
   46           | expression '/' expression .
   48           | expression . '<' expression
   49           | expression . LE expression
   50           | expression . '=' expression

    '@'  shift, and go to state 81
    '.'  shift, and go to state 82

    $default  reduce using rule 46 (expression)


state 108

   32 expression: expression '@' TYPEID . '.' OBJECTID '(' expr_comma_list ')'

    '.'  shift, and go to state 125


state 109

   31 expression: expression '.' OBJECTID . '(' expr_comma_list ')'

    '('  shift, and go to state 126


state 110

   11 feature: OBJECTID '(' ')' ':' TYPEID '{' expression '}' .

    $default  reduce using rule 11 (feature)


state 111

   12 feature: OBJECTID '(' formal_list ')' ':' TYPEID '{' expression . '}'
   31 expression: expression . '.' OBJECTID '(' expr_comma_list ')'
   32           | expression . '@' TYPEID '.' OBJECTID '(' expr_comma_list ')'
   43           | expression . '+' expression
   44           | expression . '-' expression
   45           | expression . '*' expression
   46           | expression . '/' expression
   48           | expression . '<' expression
   49           | expression . LE expression
   50           | expression . '=' expression

    LE   shift, and go to state 74
    '<'  shift, and go to state 75
    '='  shift, and go to state 76
    '+'  shift, and go to state 77
    '-'  shift, and go to state 78
    '*'  shift, and go to state 79
    '/'  shift, and go to state 80
    '@'  shift, and go to state 81
    '.'  shift, and go to state 82
    '}'  shift, and go to state 127


state 112

   31 expression: expression . '.' OBJECTID '(' expr_comma_list ')'
   32           | expression . '@' TYPEID '.' OBJECTID '(' expr_comma_list ')'
   34           | IF expression THEN expression . ELSE expression FI
   43           | expression . '+' expression
   44           | expression . '-' expression
   45           | expression . '*' expression
   46           | expression . '/' expression
   48           | expression . '<' expression
   49           | expression . LE expression
   50           | expression . '=' expression

    ELSE  shift, and go to state 128
    LE    shift, and go to state 74
    '<'   shift, and go to state 75
    '='   shift, and go to state 76
    '+'   shift, and go to state 77
    '-'   shift, and go to state 78
    '*'   shift, and go to state 79
    '/'   shift, and go to state 80
    '@'   shift, and go to state 81
    '.'   shift, and go to state 82


state 113

   29 let_args: error let_args .

    $default  reduce using rule 29 (let_args)


state 114

   28 let_args: IN expression .
   31 expression: expression . '.' OBJECTID '(' expr_comma_list ')'
   32           | expression . '@' TYPEID '.' OBJECTID '(' expr_comma_list ')'
   43           | expression . '+' expression
   44           | expression . '-' expression
   45           | expression . '*' expression
   46           | expression . '/' expression
   48           | expression . '<' expression
   49           | expression . LE expression
   50           | expression . '=' expression

    $default  reduce using rule 28 (let_args)


state 115

   26 let_args: ',' OBJECTID . ':' TYPEID let_args
   27         | ',' OBJECTID . ':' TYPEID ASSIGN expression let_args

    ':'  shift, and go to state 129


state 116

   37 expression: LET OBJECTID ':' TYPEID . let_args
   38           | LET OBJECTID ':' TYPEID . ASSIGN expression let_args

    error   shift, and go to state 86
    IN      shift, and go to state 87
    ASSIGN  shift, and go to state 130
    ','     shift, and go to state 88

    let_args  go to state 131


state 117

   31 expression: expression . '.' OBJECTID '(' expr_comma_list ')'
   32           | expression . '@' TYPEID '.' OBJECTID '(' expr_comma_list ')'
   35           | WHILE expression LOOP expression . POOL
   43           | expression . '+' expression
   44           | expression . '-' expression
   45           | expression . '*' expression
   46           | expression . '/' expression
   48           | expression . '<' expression
   49           | expression . LE expression
   50           | expression . '=' expression

    POOL  shift, and go to state 132
    LE    shift, and go to state 74
    '<'   shift, and go to state 75
    '='   shift, and go to state 76
    '+'   shift, and go to state 77
    '-'   shift, and go to state 78
    '*'   shift, and go to state 79
    '/'   shift, and go to state 80
    '@'   shift, and go to state 81
    '.'   shift, and go to state 82


state 118

   23 case: OBJECTID . ':' TYPEID DARROW expression

    ':'  shift, and go to state 133


state 119

   24 case_list: case . ';'

    ';'  shift, and go to state 134


state 120

   25 case_list: case_list . case ';'
   40 expression: CASE expression OF case_list . ESAC

    ESAC      shift, and go to state 135
    OBJECTID  shift, and go to state 118

    case  go to state 136


state 121

   33 expression: OBJECTID '(' expr_comma_list ')' .

    $default  reduce using rule 33 (expression)


state 122

   19 expr_comma_list: expr_comma_list ',' . expression

    IF          shift, and go to state 43
    LET         shift, and go to state 44
    WHILE       shift, and go to state 45
    CASE        shift, and go to state 46
    NEW         shift, and go to state 47
    ISVOID      shift, and go to state 48
    STR_CONST   shift, and go to state 49
    INT_CONST   shift, and go to state 50
    BOOL_CONST  shift, and go to state 51
    OBJECTID    shift, and go to state 52
    NOT         shift, and go to state 53
    '~'         shift, and go to state 54
    '{'         shift, and go to state 55
    '('         shift, and go to state 56

    expression  go to state 137


state 123

   22 expr_semi_list: expr_semi_list error ';' .

    $default  reduce using rule 22 (expr_semi_list)


state 124

   21 expr_semi_list: expr_semi_list expression ';' .

    $default  reduce using rule 21 (expr_semi_list)


state 125

   32 expression: expression '@' TYPEID '.' . OBJECTID '(' expr_comma_list ')'

    OBJECTID  shift, and go to state 138


state 126

   31 expression: expression '.' OBJECTID '(' . expr_comma_list ')'

    IF          shift, and go to state 43
    LET         shift, and go to state 44
    WHILE       shift, and go to state 45
    CASE        shift, and go to state 46
    NEW         shift, and go to state 47
    ISVOID      shift, and go to state 48
    STR_CONST   shift, and go to state 49
    INT_CONST   shift, and go to state 50
    BOOL_CONST  shift, and go to state 51
    OBJECTID    shift, and go to state 52
    NOT         shift, and go to state 53
    '~'         shift, and go to state 54
    '{'         shift, and go to state 55
    '('         shift, and go to state 56

    expr_comma_list  go to state 139
    expression       go to state 95


state 127

   12 feature: OBJECTID '(' formal_list ')' ':' TYPEID '{' expression '}' .

    $default  reduce using rule 12 (feature)


state 128

   34 expression: IF expression THEN expression ELSE . expression FI

    IF          shift, and go to state 43
    LET         shift, and go to state 44
    WHILE       shift, and go to state 45
    CASE        shift, and go to state 46
    NEW         shift, and go to state 47
    ISVOID      shift, and go to state 48
    STR_CONST   shift, and go to state 49
    INT_CONST   shift, and go to state 50
    BOOL_CONST  shift, and go to state 51
    OBJECTID    shift, and go to state 52
    NOT         shift, and go to state 53
    '~'         shift, and go to state 54
    '{'         shift, and go to state 55
    '('         shift, and go to state 56

    expression  go to state 140


state 129

   26 let_args: ',' OBJECTID ':' . TYPEID let_args
   27         | ',' OBJECTID ':' . TYPEID ASSIGN expression let_args

    TYPEID  shift, and go to state 141


state 130

   38 expression: LET OBJECTID ':' TYPEID ASSIGN . expression let_args

    IF          shift, and go to state 43
    LET         shift, and go to state 44
    WHILE       shift, and go to state 45
    CASE        shift, and go to state 46
    NEW         shift, and go to state 47
    ISVOID      shift, and go to state 48
    STR_CONST   shift, and go to state 49
    INT_CONST   shift, and go to state 50
    BOOL_CONST  shift, and go to state 51
    OBJECTID    shift, and go to state 52
    NOT         shift, and go to state 53
    '~'         shift, and go to state 54
    '{'         shift, and go to state 55
    '('         shift, and go to state 56

    expression  go to state 142


state 131

   37 expression: LET OBJECTID ':' TYPEID let_args .

    $default  reduce using rule 37 (expression)


state 132

   35 expression: WHILE expression LOOP expression POOL .

    $default  reduce using rule 35 (expression)


state 133

   23 case: OBJECTID ':' . TYPEID DARROW expression

    TYPEID  shift, and go to state 143


state 134

   24 case_list: case ';' .

    $default  reduce using rule 24 (case_list)


state 135

   40 expression: CASE expression OF case_list ESAC .

    $default  reduce using rule 40 (expression)


state 136

   25 case_list: case_list case . ';'

    ';'  shift, and go to state 144


state 137

   19 expr_comma_list: expr_comma_list ',' expression .
   31 expression: expression . '.' OBJECTID '(' expr_comma_list ')'
   32           | expression . '@' TYPEID '.' OBJECTID '(' expr_comma_list ')'
   43           | expression . '+' expression
   44           | expression . '-' expression
   45           | expression . '*' expression
   46           | expression . '/' expression
   48           | expression . '<' expression
   49           | expression . LE expression
   50           | expression . '=' expression

    LE   shift, and go to state 74
    '<'  shift, and go to state 75
    '='  shift, and go to state 76
    '+'  shift, and go to state 77
    '-'  shift, and go to state 78
    '*'  shift, and go to state 79
    '/'  shift, and go to state 80
    '@'  shift, and go to state 81
    '.'  shift, and go to state 82

    $default  reduce using rule 19 (expr_comma_list)


state 138

   32 expression: expression '@' TYPEID '.' OBJECTID . '(' expr_comma_list ')'

    '('  shift, and go to state 145


state 139

   19 expr_comma_list: expr_comma_list . ',' expression
   31 expression: expression '.' OBJECTID '(' expr_comma_list . ')'

    ')'  shift, and go to state 146
    ','  shift, and go to state 122


state 140

   31 expression: expression . '.' OBJECTID '(' expr_comma_list ')'
   32           | expression . '@' TYPEID '.' OBJECTID '(' expr_comma_list ')'
   34           | IF expression THEN expression ELSE expression . FI
   43           | expression . '+' expression
   44           | expression . '-' expression
   45           | expression . '*' expression
   46           | expression . '/' expression
   48           | expression . '<' expression
   49           | expression . LE expression
   50           | expression . '=' expression

    FI   shift, and go to state 147
    LE   shift, and go to state 74
    '<'  shift, and go to state 75
    '='  shift, and go to state 76
    '+'  shift, and go to state 77
    '-'  shift, and go to state 78
    '*'  shift, and go to state 79
    '/'  shift, and go to state 80
    '@'  shift, and go to state 81
    '.'  shift, and go to state 82


state 141

   26 let_args: ',' OBJECTID ':' TYPEID . let_args
   27         | ',' OBJECTID ':' TYPEID . ASSIGN expression let_args

    error   shift, and go to state 86
    IN      shift, and go to state 87
    ASSIGN  shift, and go to state 148
    ','     shift, and go to state 88

    let_args  go to state 149


state 142

   31 expression: expression . '.' OBJECTID '(' expr_comma_list ')'
   32           | expression . '@' TYPEID '.' OBJECTID '(' expr_comma_list ')'
   38           | LET OBJECTID ':' TYPEID ASSIGN expression . let_args
   43           | expression . '+' expression
   44           | expression . '-' expression
   45           | expression . '*' expression
   46           | expression . '/' expression
   48           | expression . '<' expression
   49           | expression . LE expression
   50           | expression . '=' expression

    error  shift, and go to state 86
    IN     shift, and go to state 87
    LE     shift, and go to state 74
    '<'    shift, and go to state 75
    '='    shift, and go to state 76
    '+'    shift, and go to state 77
    '-'    shift, and go to state 78
    '*'    shift, and go to state 79
    '/'    shift, and go to state 80
    '@'    shift, and go to state 81
    '.'    shift, and go to state 82
    ','    shift, and go to state 88

    let_args  go to state 150


state 143

   23 case: OBJECTID ':' TYPEID . DARROW expression

    DARROW  shift, and go to state 151


state 144

   25 case_list: case_list case ';' .

    $default  reduce using rule 25 (case_list)


state 145

   32 expression: expression '@' TYPEID '.' OBJECTID '(' . expr_comma_list ')'

    IF          shift, and go to state 43
    LET         shift, and go to state 44
    WHILE       shift, and go to state 45
    CASE        shift, and go to state 46
    NEW         shift, and go to state 47
    ISVOID      shift, and go to state 48
    STR_CONST   shift, and go to state 49
    INT_CONST   shift, and go to state 50
    BOOL_CONST  shift, and go to state 51
    OBJECTID    shift, and go to state 52
    NOT         shift, and go to state 53
    '~'         shift, and go to state 54
    '{'         shift, and go to state 55
    '('         shift, and go to state 56

    expr_comma_list  go to state 152
    expression       go to state 95


state 146

   31 expression: expression '.' OBJECTID '(' expr_comma_list ')' .

    $default  reduce using rule 31 (expression)


state 147

   34 expression: IF expression THEN expression ELSE expression FI .

    $default  reduce using rule 34 (expression)


state 148

   27 let_args: ',' OBJECTID ':' TYPEID ASSIGN . expression let_args

    IF          shift, and go to state 43
    LET         shift, and go to state 44
    WHILE       shift, and go to state 45
    CASE        shift, and go to state 46
    NEW         shift, and go to state 47
    ISVOID      shift, and go to state 48
    STR_CONST   shift, and go to state 49
    INT_CONST   shift, and go to state 50
    BOOL_CONST  shift, and go to state 51
    OBJECTID    shift, and go to state 52
    NOT         shift, and go to state 53
    '~'         shift, and go to state 54
    '{'         shift, and go to state 55
    '('         shift, and go to state 56

    expression  go to state 153


state 149

   26 let_args: ',' OBJECTID ':' TYPEID let_args .

    $default  reduce using rule 26 (let_args)


state 150

   38 expression: LET OBJECTID ':' TYPEID ASSIGN expression let_args .

    $default  reduce using rule 38 (expression)


state 151

   23 case: OBJECTID ':' TYPEID DARROW . expression

    IF          shift, and go to state 43
    LET         shift, and go to state 44
    WHILE       shift, and go to state 45
    CASE        shift, and go to state 46
    NEW         shift, and go to state 47
    ISVOID      shift, and go to state 48
    STR_CONST   shift, and go to state 49
    INT_CONST   shift, and go to state 50
    BOOL_CONST  shift, and go to state 51
    OBJECTID    shift, and go to state 52
    NOT         shift, and go to state 53
    '~'         shift, and go to state 54
    '{'         shift, and go to state 55
    '('         shift, and go to state 56

    expression  go to state 154


state 152

   19 expr_comma_list: expr_comma_list . ',' expression
   32 expression: expression '@' TYPEID '.' OBJECTID '(' expr_comma_list . ')'

    ')'  shift, and go to state 155
    ','  shift, and go to state 122


state 153

   27 let_args: ',' OBJECTID ':' TYPEID ASSIGN expression . let_args
   31 expression: expression . '.' OBJECTID '(' expr_comma_list ')'
   32           | expression . '@' TYPEID '.' OBJECTID '(' expr_comma_list ')'
   43           | expression . '+' expression
   44           | expression . '-' expression
   45           | expression . '*' expression
   46           | expression . '/' expression
   48           | expression . '<' expression
   49           | expression . LE expression
   50           | expression . '=' expression

    error  shift, and go to state 86
    IN     shift, and go to state 87
    LE     shift, and go to state 74
    '<'    shift, and go to state 75
    '='    shift, and go to state 76
    '+'    shift, and go to state 77
    '-'    shift, and go to state 78
    '*'    shift, and go to state 79
    '/'    shift, and go to state 80
    '@'    shift, and go to state 81
    '.'    shift, and go to state 82
    ','    shift, and go to state 88

    let_args  go to state 156


state 154

   23 case: OBJECTID ':' TYPEID DARROW expression .
   31 expression: expression . '.' OBJECTID '(' expr_comma_list ')'
   32           | expression . '@' TYPEID '.' OBJECTID '(' expr_comma_list ')'
   43           | expression . '+' expression
   44           | expression . '-' expression
   45           | expression . '*' expression
   46           | expression . '/' expression
   48           | expression . '<' expression
   49           | expression . LE expression
   50           | expression . '=' expression

    LE   shift, and go to state 74
    '<'  shift, and go to state 75
    '='  shift, and go to state 76
    '+'  shift, and go to state 77
    '-'  shift, and go to state 78
    '*'  shift, and go to state 79
    '/'  shift, and go to state 80
    '@'  shift, and go to state 81
    '.'  shift, and go to state 82

    $default  reduce using rule 23 (case)


state 155

   32 expression: expression '@' TYPEID '.' OBJECTID '(' expr_comma_list ')' .

    $default  reduce using rule 32 (expression)


state 156

   27 let_args: ',' OBJECTID ':' TYPEID ASSIGN expression let_args .

    $default  reduce using rule 27 (let_args)
